<?xml version="1.0" encoding="utf-8"?><testsuites name="pytest tests"><testsuite name="pytest" errors="0" failures="1" skipped="0" tests="16" time="2.464" timestamp="2026-07-14T15:07:15.819668+00:00" hostname="agent-env-3059b972-c0b6-45b7-a001-acde63c8ca92"><testcase classname="tests.test_iteration3.TestBrandsDevices" name="test_brands_only_apple_samsung" time="0.251" /><testcase classname="tests.test_iteration3.TestBrandsDevices" name="test_apple_devices_33" time="0.042" /><testcase classname="tests.test_iteration3.TestBrandsDevices" name="test_samsung_devices_25" time="0.145"><failure message="AssertionError: expected 25 samsung phones per iter-3 spec, got 33&#10;assert 33 == 25&#10; +  where 33 = len([{'id': 'dev-s24u', 'brand_id': 'brand-samsung', 'enabled': True, 'name': 'Galaxy S24 Ultra', ...}, {'id': 'dev-sgs24u', 'brand_id': 'brand-samsung', 'enabled': True, 'name': 'Galaxy S24 Ultra', ...}, {'id': 'dev-s24p', 'brand_id': 'brand-samsung', 'enabled': True, 'name': 'Galaxy S24+', ...}, {'id': 'dev-sgs24p', 'brand_id': 'brand-samsung', 'enabled': True, 'name': 'Galaxy S24+', ...}, {'id': 'dev-s24', 'brand_id': 'brand-samsung', 'enabled': True, 'name': 'Galaxy S24', ...}, {'id': 'dev-sgs24', 'brand_id': 'brand-samsung', 'enabled': True, 'name': 'Galaxy S24', ...}, ...])">backend/tests/test_iteration3.py:68: in test_samsung_devices_25
    assert len(devs) == 25, f"expected 25 samsung phones per iter-3 spec, got {len(devs)}"
E   AssertionError: expected 25 samsung phones per iter-3 spec, got 33
E   assert 33 == 25
E    +  where 33 = len([{'id': 'dev-s24u', 'brand_id': 'brand-samsung', 'enabled': True, 'name': 'Galaxy S24 Ultra', ...}, {'id': 'dev-sgs24u', 'brand_id': 'brand-samsung', 'enabled': True, 'name': 'Galaxy S24 Ultra', ...}, {'id': 'dev-s24p', 'brand_id': 'brand-samsung', 'enabled': True, 'name': 'Galaxy S24+', ...}, {'id': 'dev-sgs24p', 'brand_id': 'brand-samsung', 'enabled': True, 'name': 'Galaxy S24+', ...}, {'id': 'dev-s24', 'brand_id': 'brand-samsung', 'enabled': True, 'name': 'Galaxy S24', ...}, {'id': 'dev-sgs24', 'brand_id': 'brand-samsung', 'enabled': True, 'name': 'Galaxy S24', ...}, ...])</failure></testcase><testcase classname="tests.test_iteration3.TestRepairsPartOptions" name="test_repairs_ip15p_count_and_screen_options" time="0.036" /><testcase classname="tests.test_iteration3.TestRepairsPartOptions" name="test_repairs_ip15p_speaker_on_request" time="0.036" /><testcase classname="tests.test_iteration3.TestRepairsPartOptions" name="test_part_options_endpoint" time="0.076" /><testcase classname="tests.test_iteration3.TestWarrantiesPublic" name="test_get_warranties" time="0.047" /><testcase classname="tests.test_iteration3.TestBookingsPartOption" name="test_booking_screen_without_po_fails" time="0.038" /><testcase classname="tests.test_iteration3.TestBookingsPartOption" name="test_booking_screen_with_po_succeeds" time="0.193" /><testcase classname="tests.test_iteration3.TestBookingsPartOption" name="test_booking_battery_single_po_no_po_id" time="0.118" /><testcase classname="tests.test_iteration3.TestBookingsPartOption" name="test_booking_speaker_on_request" time="0.078" /><testcase classname="tests.test_iteration3.TestAdminPartOptions" name="test_admin_part_options_requires_auth" time="0.076" /><testcase classname="tests.test_iteration3.TestAdminPartOptions" name="test_admin_update_price_and_restore" time="0.477" /><testcase classname="tests.test_iteration3.TestAdminPartOptions" name="test_admin_disable_part_option_and_restore" time="0.339" /><testcase classname="tests.test_iteration3.TestAdminWarranties" name="test_admin_warranties_crud" time="0.195" /><testcase classname="tests.test_iteration3.TestAdminWarranties" name="test_admin_general_warranty_roundtrip" time="0.216" /></testsuite></testsuites>