<?xml version="1.0" encoding="utf-8"?><testsuites name="pytest tests"><testsuite name="pytest" errors="0" failures="1" skipped="1" tests="23" time="2.472" timestamp="2026-07-14T11:08:00.697317+00:00" hostname="agent-env-3059b972-c0b6-45b7-a001-acde63c8ca92"><testcase classname="tests.backend_test.TestPublic" name="test_brands" time="0.263" /><testcase classname="tests.backend_test.TestPublic" name="test_devices_apple" time="0.237" /><testcase classname="tests.backend_test.TestPublic" name="test_repairs" time="0.036" /><testcase classname="tests.backend_test.TestPublic" name="test_repair_methods" time="0.080" /><testcase classname="tests.backend_test.TestAdmin" name="test_list_bookings" time="0.590" /><testcase classname="tests.backend_test.TestAdmin" name="test_stats" time="0.037" /><testcase classname="tests.backend_test.TestPublic" name="test_workshop" time="0.084" /><testcase classname="tests.backend_test.TestAdmin" name="test_update_booking_status" time="0.037"><failure message="assert None is not None">backend/tests/backend_test.py:211: in test_update_booking_status
    assert test_b is not None
E   assert None is not None</failure></testcase><testcase classname="tests.backend_test.TestAdmin" name="test_update_booking_invalid_status" time="0.075"><skipped type="pytest.skip" message="no test booking">/app/backend/tests/backend_test.py:222: no test booking</skipped></testcase><testcase classname="tests.backend_test.TestPublic" name="test_reviews" time="0.032" /><testcase classname="tests.backend_test.TestPublic" name="test_faqs" time="0.036" /><testcase classname="tests.backend_test.TestAdmin" name="test_repair_methods_get_update" time="0.120" /><testcase classname="tests.backend_test.TestPublic" name="test_availability_weekday" time="0.036" /><testcase classname="tests.backend_test.TestPublic" name="test_availability_sunday" time="0.082" /><testcase classname="tests.backend_test.TestAdmin" name="test_workshop_update" time="0.280" /><testcase classname="tests.backend_test.TestAuth" name="test_login" time="0.264" /><testcase classname="tests.backend_test.TestAuth" name="test_login_invalid" time="0.298" /><testcase classname="tests.backend_test.TestAdmin" name="test_email_settings" time="0.553" /><testcase classname="tests.backend_test.TestAuth" name="test_me" time="0.290" /><testcase classname="tests.backend_test.TestBooking" name="test_create_booking" time="0.124" /><testcase classname="tests.backend_test.TestAuth" name="test_admin_bookings_unauthenticated" time="0.075" /><testcase classname="tests.backend_test.TestBooking" name="test_get_booking_by_reference" time="0.080" /><testcase classname="tests.backend_test.TestBooking" name="test_booking_consent_required" time="0.077" /></testsuite></testsuites>