<?xml version="1.0" encoding="utf-8"?><testsuites name="pytest tests"><testsuite name="pytest" errors="0" failures="0" skipped="1" tests="53" time="5.787" timestamp="2026-07-14T15:09:07.613061+00:00" hostname="agent-env-3059b972-c0b6-45b7-a001-acde63c8ca92"><testcase classname="tests.backend_test.TestPublic" name="test_brands" time="0.250" /><testcase classname="tests.backend_test.TestPublic" name="test_devices_apple" time="0.146" /><testcase classname="tests.backend_test.TestPublic" name="test_repairs" time="0.039" /><testcase classname="tests.backend_test.TestPublic" name="test_repair_methods" time="0.076" /><testcase classname="tests.backend_test.TestPublic" name="test_workshop" time="0.047" /><testcase classname="tests.backend_test.TestPublic" name="test_reviews" time="0.037" /><testcase classname="tests.backend_test.TestPublic" name="test_faqs" time="0.034" /><testcase classname="tests.backend_test.TestPublic" name="test_availability_weekday" time="0.034" /><testcase classname="tests.backend_test.TestPublic" name="test_availability_sunday" time="0.045" /><testcase classname="tests.backend_test.TestBooking" name="test_create_booking" time="0.079" /><testcase classname="tests.backend_test.TestBooking" name="test_get_booking_by_reference" time="0.074" /><testcase classname="tests.backend_test.TestBooking" name="test_booking_consent_required" time="0.074" /><testcase classname="tests.backend_test.TestAuth" name="test_login" time="0.257" /><testcase classname="tests.backend_test.TestAuth" name="test_login_invalid" time="0.270" /><testcase classname="tests.backend_test.TestAuth" name="test_me" time="0.343" /><testcase classname="tests.backend_test.TestAuth" name="test_admin_bookings_unauthenticated" time="0.083" /><testcase classname="tests.backend_test.TestAdmin" name="test_list_bookings" time="0.038" /><testcase classname="tests.backend_test.TestAdmin" name="test_stats" time="0.076" /><testcase classname="tests.backend_test.TestAdmin" name="test_update_booking_status" time="0.145" /><testcase classname="tests.backend_test.TestAdmin" name="test_update_booking_invalid_status" time="0.067" /><testcase classname="tests.backend_test.TestAdmin" name="test_repair_methods_get_update" time="0.105" /><testcase classname="tests.backend_test.TestAdmin" name="test_workshop_update" time="0.147" /><testcase classname="tests.backend_test.TestAdmin" name="test_email_settings" time="0.106" /><testcase classname="tests.backend_test.TestSiteContent" name="test_get_site_content" time="0.031" /><testcase classname="tests.backend_test.TestSiteContent" name="test_update_hero_and_restore" time="0.207" /><testcase classname="tests.backend_test.TestSiteContent" name="test_update_site_content_no_valid_fields" time="0.032" /><testcase classname="tests.backend_test.TestSeo" name="test_get_seo_home" time="0.072" /><testcase classname="tests.backend_test.TestSeo" name="test_get_seo_booking" time="0.032" /><testcase classname="tests.backend_test.TestSeo" name="test_admin_list_seo" time="0.033" /><testcase classname="tests.backend_test.TestSeo" name="test_update_seo_pricing_and_restore" time="0.253" /><testcase classname="tests.backend_test.TestAdminBrands" name="test_admin_brands_requires_auth" time="0.108" /><testcase classname="tests.backend_test.TestAdminBrands" name="test_admin_brands_returns_4" time="0.076" /><testcase classname="tests.backend_test.TestAdminDevices" name="test_create_list_delete_device" time="0.178" /><testcase classname="tests.backend_test.TestAdminDevices" name="test_update_device_popular_flag" time="0.133" /><testcase classname="tests.backend_test.TestAdminDevices" name="test_update_missing_device_returns_404" time="0.032" /><testcase classname="tests.backend_test.TestPriceOverrides" name="test_price_override_lifecycle" time="0.000"><skipped type="pytest.skip" message="iter-3: price is on part_options; legacy price_overrides endpoint is deprecated and no longer affects /repairs response">/app/backend/tests/backend_test.py:399: iter-3: price is on part_options; legacy price_overrides endpoint is deprecated and no longer affects /repairs response</skipped></testcase><testcase classname="tests.backend_test.TestEmailDefaults" name="test_email_settings_defaults_present" time="0.077" /><testcase classname="tests.test_iteration3.TestBrandsDevices" name="test_brands_only_apple_samsung" time="0.103" /><testcase classname="tests.test_iteration3.TestBrandsDevices" name="test_apple_devices_33" time="0.034" /><testcase classname="tests.test_iteration3.TestBrandsDevices" name="test_samsung_devices_25" time="0.034" /><testcase classname="tests.test_iteration3.TestRepairsPartOptions" name="test_repairs_ip15p_count_and_screen_options" time="0.031" /><testcase classname="tests.test_iteration3.TestRepairsPartOptions" name="test_repairs_ip15p_speaker_on_request" time="0.032" /><testcase classname="tests.test_iteration3.TestRepairsPartOptions" name="test_part_options_endpoint" time="0.037" /><testcase classname="tests.test_iteration3.TestWarrantiesPublic" name="test_get_warranties" time="0.033" /><testcase classname="tests.test_iteration3.TestBookingsPartOption" name="test_booking_screen_without_po_fails" time="0.035" /><testcase classname="tests.test_iteration3.TestBookingsPartOption" name="test_booking_screen_with_po_succeeds" time="0.123" /><testcase classname="tests.test_iteration3.TestBookingsPartOption" name="test_booking_battery_single_po_no_po_id" time="0.123" /><testcase classname="tests.test_iteration3.TestBookingsPartOption" name="test_booking_speaker_on_request" time="0.077" /><testcase classname="tests.test_iteration3.TestAdminPartOptions" name="test_admin_part_options_requires_auth" time="0.075" /><testcase classname="tests.test_iteration3.TestAdminPartOptions" name="test_admin_update_price_and_restore" time="0.448" /><testcase classname="tests.test_iteration3.TestAdminPartOptions" name="test_admin_disable_part_option_and_restore" time="0.314" /><testcase classname="tests.test_iteration3.TestAdminWarranties" name="test_admin_warranties_crud" time="0.205" /><testcase classname="tests.test_iteration3.TestAdminWarranties" name="test_admin_general_warranty_roundtrip" time="0.133" /></testsuite></testsuites>